<?xml version="1.0" encoding="UTF-8" ?>
<testsuite tests="11" failures="2" name="org.springframework.samples.petclinic.web.OwnerControllerTests" time="0.356" errors="0" skipped="0">
  <properties>
    <property name="java.runtime.name" value="OpenJDK Runtime Environment"/>
    <property name="sun.boot.library.path" value="/usr/lib/jvm/java-1.8.0-openjdk-1.8.0.151-1.b12.el7_4.x86_64/jre/lib/amd64"/>
    <property name="java.vm.version" value="25.151-b12"/>
    <property name="java.vm.vendor" value="Oracle Corporation"/>
    <property name="java.vendor.url" value="http://java.oracle.com/"/>
    <property name="path.separator" value=":"/>
    <property name="guice.disable.misplaced.annotation.check" value="true"/>
    <property name="java.vm.name" value="OpenJDK 64-Bit Server VM"/>
    <property name="file.encoding.pkg" value="sun.io"/>
    <property name="user.country" value="US"/>
    <property name="sun.java.launcher" value="SUN_STANDARD"/>
    <property name="sun.os.patch.level" value="unknown"/>
    <property name="java.vm.specification.name" value="Java Virtual Machine Specification"/>
    <property name="user.dir" value="/home/mani/newpetclinicapp"/>
    <property name="java.runtime.version" value="1.8.0_151-b12"/>
    <property name="java.awt.graphicsenv" value="sun.awt.X11GraphicsEnvironment"/>
    <property name="java.endorsed.dirs" value="/usr/lib/jvm/java-1.8.0-openjdk-1.8.0.151-1.b12.el7_4.x86_64/jre/lib/endorsed"/>
    <property name="os.arch" value="amd64"/>
    <property name="java.io.tmpdir" value="/tmp"/>
    <property name="line.separator" value="
"/>
    <property name="java.vm.specification.vendor" value="Oracle Corporation"/>
    <property name="os.name" value="Linux"/>
    <property name="classworlds.conf" value="/usr/share/maven/bin/m2.conf"/>
    <property name="sun.jnu.encoding" value="UTF-8"/>
    <property name="java.library.path" value="/usr/java/packages/lib/amd64:/usr/lib64:/lib64:/lib:/usr/lib"/>
    <property name="java.specification.name" value="Java Platform API Specification"/>
    <property name="java.class.version" value="52.0"/>
    <property name="sun.management.compiler" value="HotSpot 64-Bit Tiered Compilers"/>
    <property name="os.version" value="3.10.0-514.26.2.el7.x86_64"/>
    <property name="user.home" value="/root"/>
    <property name="user.timezone" value="Etc/UTC"/>
    <property name="java.awt.printerjob" value="sun.print.PSPrinterJob"/>
    <property name="file.encoding" value="UTF-8"/>
    <property name="java.specification.version" value="1.8"/>
    <property name="user.name" value="root"/>
    <property name="java.class.path" value="/usr/share/maven/boot/plexus-classworlds.jar"/>
    <property name="java.vm.specification.version" value="1.8"/>
    <property name="sun.arch.data.model" value="64"/>
    <property name="java.home" value="/usr/lib/jvm/java-1.8.0-openjdk-1.8.0.151-1.b12.el7_4.x86_64/jre"/>
    <property name="sun.java.command" value="org.codehaus.plexus.classworlds.launcher.Launcher package"/>
    <property name="java.specification.vendor" value="Oracle Corporation"/>
    <property name="user.language" value="en"/>
    <property name="awt.toolkit" value="sun.awt.X11.XToolkit"/>
    <property name="java.vm.info" value="mixed mode"/>
    <property name="java.version" value="1.8.0_151"/>
    <property name="java.ext.dirs" value="/usr/lib/jvm/java-1.8.0-openjdk-1.8.0.151-1.b12.el7_4.x86_64/jre/lib/ext:/usr/java/packages/lib/ext"/>
    <property name="sun.boot.class.path" value="/usr/lib/jvm/java-1.8.0-openjdk-1.8.0.151-1.b12.el7_4.x86_64/jre/lib/resources.jar:/usr/lib/jvm/java-1.8.0-openjdk-1.8.0.151-1.b12.el7_4.x86_64/jre/lib/rt.jar:/usr/lib/jvm/java-1.8.0-openjdk-1.8.0.151-1.b12.el7_4.x86_64/jre/lib/sunrsasign.jar:/usr/lib/jvm/java-1.8.0-openjdk-1.8.0.151-1.b12.el7_4.x86_64/jre/lib/jsse.jar:/usr/lib/jvm/java-1.8.0-openjdk-1.8.0.151-1.b12.el7_4.x86_64/jre/lib/jce.jar:/usr/lib/jvm/java-1.8.0-openjdk-1.8.0.151-1.b12.el7_4.x86_64/jre/lib/charsets.jar:/usr/lib/jvm/java-1.8.0-openjdk-1.8.0.151-1.b12.el7_4.x86_64/jre/lib/jfr.jar:/usr/lib/jvm/java-1.8.0-openjdk-1.8.0.151-1.b12.el7_4.x86_64/jre/classes"/>
    <property name="java.vendor" value="Oracle Corporation"/>
    <property name="maven.home" value="/usr/share/maven"/>
    <property name="file.separator" value="/"/>
    <property name="java.vendor.url.bug" value="http://bugreport.sun.com/bugreport/"/>
    <property name="sun.cpu.endian" value="little"/>
    <property name="sun.io.unicode.encoding" value="UnicodeLittle"/>
    <property name="sun.cpu.isalist" value=""/>
  </properties>
  <testcase classname="org.springframework.samples.petclinic.web.OwnerControllerTests" name="testProcessUpdateOwnerFormHasErrors" time="0.107"/>
  <testcase classname="org.springframework.samples.petclinic.web.OwnerControllerTests" name="testProcessCreationFormSuccess" time="0.054"/>
  <testcase classname="org.springframework.samples.petclinic.web.OwnerControllerTests" name="testInitFindForm" time="0.031"/>
  <testcase classname="org.springframework.samples.petclinic.web.OwnerControllerTests" name="testShowOwner" time="0.018"/>
  <testcase classname="org.springframework.samples.petclinic.web.OwnerControllerTests" name="testInitUpdateOwnerForm" time="0.015"/>
  <testcase classname="org.springframework.samples.petclinic.web.OwnerControllerTests" name="testInitCreationForm" time="0.014"/>
  <testcase classname="org.springframework.samples.petclinic.web.OwnerControllerTests" name="testProcessFindFormByLastName" time="0.011"/>
  <testcase classname="org.springframework.samples.petclinic.web.OwnerControllerTests" name="testProcessFindFormNoOwnersFound" time="0.021">
    <failure message="No errors for field &apos;lastName&apos; of attribute &apos;owner&apos;" type="java.lang.AssertionError">java.lang.AssertionError: No errors for field &apos;lastName&apos; of attribute &apos;owner&apos;
	at org.springframework.test.util.AssertionErrors.fail(AssertionErrors.java:35)
	at org.springframework.test.util.AssertionErrors.assertTrue(AssertionErrors.java:65)
	at org.springframework.test.web.servlet.result.ModelResultMatchers$8.match(ModelResultMatchers.java:163)
	at org.springframework.test.web.servlet.MockMvc$1.andExpect(MockMvc.java:171)
	at org.springframework.samples.petclinic.web.OwnerControllerTests.testProcessFindFormNoOwnersFound(OwnerControllerTests.java:128)
</failure>
    <system-out>INFO  StandaloneMockMvcBuilder$StaticRequestMappingHandlerMapping - Mapped &quot;{[/owners/new],methods=[GET]}&quot; onto public java.lang.String org.springframework.samples.petclinic.web.OwnerController.initCreationForm(java.util.Map&lt;java.lang.String, java.lang.Object&gt;)
INFO  StandaloneMockMvcBuilder$StaticRequestMappingHandlerMapping - Mapped &quot;{[/owners/find],methods=[GET]}&quot; onto public java.lang.String org.springframework.samples.petclinic.web.OwnerController.initFindForm(java.util.Map&lt;java.lang.String, java.lang.Object&gt;)
INFO  StandaloneMockMvcBuilder$StaticRequestMappingHandlerMapping - Mapped &quot;{[/owners/new],methods=[POST]}&quot; onto public java.lang.String org.springframework.samples.petclinic.web.OwnerController.processCreationForm(org.springframework.samples.petclinic.model.Owner,org.springframework.validation.BindingResult)
INFO  StandaloneMockMvcBuilder$StaticRequestMappingHandlerMapping - Mapped &quot;{[/owners],methods=[GET]}&quot; onto public java.lang.String org.springframework.samples.petclinic.web.OwnerController.processFindForm(org.springframework.samples.petclinic.model.Owner,org.springframework.validation.BindingResult,java.util.Map&lt;java.lang.String, java.lang.Object&gt;)
INFO  StandaloneMockMvcBuilder$StaticRequestMappingHandlerMapping - Mapped &quot;{[/owners/{ownerId}/edit],methods=[GET]}&quot; onto public java.lang.String org.springframework.samples.petclinic.web.OwnerController.initUpdateOwnerForm(int,org.springframework.ui.Model)
INFO  StandaloneMockMvcBuilder$StaticRequestMappingHandlerMapping - Mapped &quot;{[/owners/{ownerId}/edit],methods=[POST]}&quot; onto public java.lang.String org.springframework.samples.petclinic.web.OwnerController.processUpdateOwnerForm(org.springframework.samples.petclinic.model.Owner,org.springframework.validation.BindingResult,int)
INFO  StandaloneMockMvcBuilder$StaticRequestMappingHandlerMapping - Mapped &quot;{[/owners/{ownerId}]}&quot; onto public org.springframework.web.servlet.ModelAndView org.springframework.samples.petclinic.web.OwnerController.showOwner(int)
INFO  RequestMappingHandlerAdapter - Looking for @ControllerAdvice: org.springframework.test.web.servlet.setup.StubWebApplicationContext@13d5606c
INFO  MockServletContext - Initializing Spring FrameworkServlet &apos;&apos;
INFO  TestDispatcherServlet - FrameworkServlet &apos;&apos;: initialization started
INFO  TestDispatcherServlet - FrameworkServlet &apos;&apos;: initialization completed in 0 ms
</system-out>
  </testcase>
  <testcase classname="org.springframework.samples.petclinic.web.OwnerControllerTests" name="testProcessFindFormSuccess" time="0.014">
    <failure message="View name expected:&lt;owners/ownersList&gt; but was:&lt;owners/findOwners&gt;" type="java.lang.AssertionError">java.lang.AssertionError: View name expected:&lt;owners/ownersList&gt; but was:&lt;owners/findOwners&gt;
	at org.springframework.test.util.AssertionErrors.fail(AssertionErrors.java:54)
	at org.springframework.test.util.AssertionErrors.assertEquals(AssertionErrors.java:81)
	at org.springframework.test.web.servlet.result.ViewResultMatchers$2.match(ViewResultMatchers.java:70)
	at org.springframework.test.web.servlet.MockMvc$1.andExpect(MockMvc.java:171)
	at org.springframework.samples.petclinic.web.OwnerControllerTests.testProcessFindFormSuccess(OwnerControllerTests.java:108)
</failure>
    <system-out>INFO  StandaloneMockMvcBuilder$StaticRequestMappingHandlerMapping - Mapped &quot;{[/owners/new],methods=[GET]}&quot; onto public java.lang.String org.springframework.samples.petclinic.web.OwnerController.initCreationForm(java.util.Map&lt;java.lang.String, java.lang.Object&gt;)
INFO  StandaloneMockMvcBuilder$StaticRequestMappingHandlerMapping - Mapped &quot;{[/owners/find],methods=[GET]}&quot; onto public java.lang.String org.springframework.samples.petclinic.web.OwnerController.initFindForm(java.util.Map&lt;java.lang.String, java.lang.Object&gt;)
INFO  StandaloneMockMvcBuilder$StaticRequestMappingHandlerMapping - Mapped &quot;{[/owners/new],methods=[POST]}&quot; onto public java.lang.String org.springframework.samples.petclinic.web.OwnerController.processCreationForm(org.springframework.samples.petclinic.model.Owner,org.springframework.validation.BindingResult)
INFO  StandaloneMockMvcBuilder$StaticRequestMappingHandlerMapping - Mapped &quot;{[/owners],methods=[GET]}&quot; onto public java.lang.String org.springframework.samples.petclinic.web.OwnerController.processFindForm(org.springframework.samples.petclinic.model.Owner,org.springframework.validation.BindingResult,java.util.Map&lt;java.lang.String, java.lang.Object&gt;)
INFO  StandaloneMockMvcBuilder$StaticRequestMappingHandlerMapping - Mapped &quot;{[/owners/{ownerId}/edit],methods=[GET]}&quot; onto public java.lang.String org.springframework.samples.petclinic.web.OwnerController.initUpdateOwnerForm(int,org.springframework.ui.Model)
INFO  StandaloneMockMvcBuilder$StaticRequestMappingHandlerMapping - Mapped &quot;{[/owners/{ownerId}/edit],methods=[POST]}&quot; onto public java.lang.String org.springframework.samples.petclinic.web.OwnerController.processUpdateOwnerForm(org.springframework.samples.petclinic.model.Owner,org.springframework.validation.BindingResult,int)
INFO  StandaloneMockMvcBuilder$StaticRequestMappingHandlerMapping - Mapped &quot;{[/owners/{ownerId}]}&quot; onto public org.springframework.web.servlet.ModelAndView org.springframework.samples.petclinic.web.OwnerController.showOwner(int)
INFO  RequestMappingHandlerAdapter - Looking for @ControllerAdvice: org.springframework.test.web.servlet.setup.StubWebApplicationContext@5b74902c
INFO  MockServletContext - Initializing Spring FrameworkServlet &apos;&apos;
INFO  TestDispatcherServlet - FrameworkServlet &apos;&apos;: initialization started
INFO  TestDispatcherServlet - FrameworkServlet &apos;&apos;: initialization completed in 0 ms
</system-out>
  </testcase>
  <testcase classname="org.springframework.samples.petclinic.web.OwnerControllerTests" name="testProcessUpdateOwnerFormSuccess" time="0.028"/>
  <testcase classname="org.springframework.samples.petclinic.web.OwnerControllerTests" name="testProcessCreationFormHasErrors" time="0.043"/>
</testsuite>